{"E:\\ЧНУ\\4 семестр\\Back End\\project\\app.js": {"path":"E:\\ЧНУ\\4 семестр\\Back End\\project\\app.js","statementMap":{"0":{"start":{"line":1,"column":20},"end":{"line":1,"column":42}},"1":{"start":{"line":2,"column":16},"end":{"line":2,"column":34}},"2":{"start":{"line":3,"column":18},"end":{"line":3,"column":47}},"3":{"start":{"line":4,"column":21},"end":{"line":4,"column":45}},"4":{"start":{"line":5,"column":13},"end":{"line":5,"column":28}},"5":{"start":{"line":6,"column":21},"end":{"line":6,"column":45}},"6":{"start":{"line":7,"column":15},"end":{"line":7,"column":32}},"7":{"start":{"line":9,"column":20},"end":{"line":9,"column":45}},"8":{"start":{"line":10,"column":20},"end":{"line":10,"column":45}},"9":{"start":{"line":11,"column":25},"end":{"line":11,"column":55}},"10":{"start":{"line":12,"column":27},"end":{"line":12,"column":59}},"11":{"start":{"line":13,"column":21},"end":{"line":13,"column":47}},"12":{"start":{"line":15,"column":26},"end":{"line":15,"column":67}},"13":{"start":{"line":16,"column":22},"end":{"line":16,"column":59}},"14":{"start":{"line":18,"column":12},"end":{"line":18,"column":21}},"15":{"start":{"line":20,"column":0},"end":{"line":20,"column":48}},"16":{"start":{"line":21,"column":0},"end":{"line":21,"column":30}},"17":{"start":{"line":23,"column":0},"end":{"line":23,"column":23}},"18":{"start":{"line":24,"column":0},"end":{"line":24,"column":24}},"19":{"start":{"line":25,"column":0},"end":{"line":25,"column":49}},"20":{"start":{"line":26,"column":0},"end":{"line":26,"column":24}},"21":{"start":{"line":27,"column":0},"end":{"line":27,"column":56}},"22":{"start":{"line":29,"column":0},"end":{"line":29,"column":27}},"23":{"start":{"line":30,"column":0},"end":{"line":30,"column":23}},"24":{"start":{"line":32,"column":23},"end":{"line":44,"column":1}},"25":{"start":{"line":46,"column":20},"end":{"line":46,"column":48}},"26":{"start":{"line":48,"column":0},"end":{"line":51,"column":3}},"27":{"start":{"line":49,"column":4},"end":{"line":49,"column":54}},"28":{"start":{"line":50,"column":4},"end":{"line":50,"column":26}},"29":{"start":{"line":53,"column":0},"end":{"line":53,"column":68}},"30":{"start":{"line":55,"column":0},"end":{"line":55,"column":26}},"31":{"start":{"line":56,"column":0},"end":{"line":56,"column":31}},"32":{"start":{"line":57,"column":0},"end":{"line":57,"column":41}},"33":{"start":{"line":58,"column":0},"end":{"line":58,"column":45}},"34":{"start":{"line":59,"column":0},"end":{"line":59,"column":33}},"35":{"start":{"line":61,"column":0},"end":{"line":63,"column":3}},"36":{"start":{"line":62,"column":4},"end":{"line":62,"column":27}},"37":{"start":{"line":66,"column":0},"end":{"line":71,"column":3}},"38":{"start":{"line":67,"column":4},"end":{"line":67,"column":37}},"39":{"start":{"line":68,"column":4},"end":{"line":68,"column":71}},"40":{"start":{"line":69,"column":4},"end":{"line":69,"column":34}},"41":{"start":{"line":70,"column":4},"end":{"line":70,"column":24}},"42":{"start":{"line":73,"column":0},"end":{"line":73,"column":21}}},"fnMap":{"0":{"name":"(anonymous_0)","decl":{"start":{"line":48,"column":26},"end":{"line":48,"column":27}},"loc":{"start":{"line":48,"column":40},"end":{"line":51,"column":1}},"line":48},"1":{"name":"(anonymous_1)","decl":{"start":{"line":61,"column":8},"end":{"line":61,"column":9}},"loc":{"start":{"line":61,"column":28},"end":{"line":63,"column":1}},"line":61},"2":{"name":"(anonymous_2)","decl":{"start":{"line":66,"column":8},"end":{"line":66,"column":9}},"loc":{"start":{"line":66,"column":33},"end":{"line":71,"column":1}},"line":66}},"branchMap":{"0":{"loc":{"start":{"line":68,"column":23},"end":{"line":68,"column":70}},"type":"cond-expr","locations":[{"start":{"line":68,"column":62},"end":{"line":68,"column":65}},{"start":{"line":68,"column":68},"end":{"line":68,"column":70}}],"line":68},"1":{"loc":{"start":{"line":69,"column":15},"end":{"line":69,"column":32}},"type":"binary-expr","locations":[{"start":{"line":69,"column":15},"end":{"line":69,"column":25}},{"start":{"line":69,"column":29},"end":{"line":69,"column":32}}],"line":69}},"s":{"0":2,"1":2,"2":2,"3":2,"4":2,"5":2,"6":2,"7":2,"8":2,"9":2,"10":2,"11":2,"12":2,"13":2,"14":2,"15":2,"16":2,"17":2,"18":2,"19":2,"20":2,"21":2,"22":2,"23":2,"24":2,"25":2,"26":2,"27":0,"28":0,"29":2,"30":2,"31":2,"32":2,"33":2,"34":2,"35":2,"36":0,"37":2,"38":0,"39":0,"40":0,"41":0,"42":2},"f":{"0":0,"1":0,"2":0},"b":{"0":[0,0],"1":[0,0]},"_coverageSchema":"1a1c01bbd47fc00a2c39e90264f33305004495a9","hash":"412fcd49dd0f39108bdf2fed57e91bfc596ebce2"}
,"E:\\ЧНУ\\4 семестр\\Back End\\project\\config\\db.config.js": {"path":"E:\\ЧНУ\\4 семестр\\Back End\\project\\config\\db.config.js","statementMap":{"0":{"start":{"line":1,"column":15},"end":{"line":11,"column":1}},"1":{"start":{"line":12,"column":0},"end":{"line":12,"column":24}}},"fnMap":{},"branchMap":{},"s":{"0":3,"1":3},"f":{},"b":{},"_coverageSchema":"1a1c01bbd47fc00a2c39e90264f33305004495a9","hash":"92e38d6b0c120fb48ad4e0045f3658b24923b1d5"}
,"E:\\ЧНУ\\4 семестр\\Back End\\project\\controllers\\categories.controller.js": {"path":"E:\\ЧНУ\\4 семестр\\Back End\\project\\controllers\\categories.controller.js","statementMap":{"0":{"start":{"line":2,"column":17},"end":{"line":2,"column":52}},"1":{"start":{"line":4,"column":25},"end":{"line":12,"column":1}},"2":{"start":{"line":5,"column":4},"end":{"line":11,"column":5}},"3":{"start":{"line":6,"column":27},"end":{"line":6,"column":50}},"4":{"start":{"line":7,"column":8},"end":{"line":7,"column":48}},"5":{"start":{"line":9,"column":8},"end":{"line":9,"column":59}},"6":{"start":{"line":10,"column":8},"end":{"line":10,"column":65}},"7":{"start":{"line":14,"column":21},"end":{"line":26,"column":1}},"8":{"start":{"line":15,"column":21},"end":{"line":15,"column":30}},"9":{"start":{"line":16,"column":4},"end":{"line":25,"column":5}},"10":{"start":{"line":17,"column":23},"end":{"line":17,"column":56}},"11":{"start":{"line":18,"column":8},"end":{"line":21,"column":11}},"12":{"start":{"line":23,"column":8},"end":{"line":23,"column":58}},"13":{"start":{"line":24,"column":8},"end":{"line":24,"column":65}},"14":{"start":{"line":28,"column":23},"end":{"line":41,"column":1}},"15":{"start":{"line":29,"column":19},"end":{"line":29,"column":29}},"16":{"start":{"line":30,"column":21},"end":{"line":30,"column":30}},"17":{"start":{"line":31,"column":4},"end":{"line":40,"column":5}},"18":{"start":{"line":32,"column":23},"end":{"line":32,"column":62}},"19":{"start":{"line":33,"column":8},"end":{"line":36,"column":11}},"20":{"start":{"line":38,"column":8},"end":{"line":38,"column":57}},"21":{"start":{"line":39,"column":8},"end":{"line":39,"column":65}},"22":{"start":{"line":43,"column":23},"end":{"line":55,"column":1}},"23":{"start":{"line":44,"column":19},"end":{"line":44,"column":29}},"24":{"start":{"line":45,"column":4},"end":{"line":54,"column":5}},"25":{"start":{"line":46,"column":23},"end":{"line":46,"column":56}},"26":{"start":{"line":47,"column":8},"end":{"line":50,"column":11}},"27":{"start":{"line":52,"column":8},"end":{"line":52,"column":57}},"28":{"start":{"line":53,"column":8},"end":{"line":53,"column":65}},"29":{"start":{"line":57,"column":0},"end":{"line":62,"column":2}}},"fnMap":{"0":{"name":"(anonymous_0)","decl":{"start":{"line":4,"column":25},"end":{"line":4,"column":26}},"loc":{"start":{"line":4,"column":45},"end":{"line":12,"column":1}},"line":4},"1":{"name":"(anonymous_1)","decl":{"start":{"line":14,"column":21},"end":{"line":14,"column":22}},"loc":{"start":{"line":14,"column":41},"end":{"line":26,"column":1}},"line":14},"2":{"name":"(anonymous_2)","decl":{"start":{"line":28,"column":23},"end":{"line":28,"column":24}},"loc":{"start":{"line":28,"column":43},"end":{"line":41,"column":1}},"line":28},"3":{"name":"(anonymous_3)","decl":{"start":{"line":43,"column":23},"end":{"line":43,"column":24}},"loc":{"start":{"line":43,"column":43},"end":{"line":55,"column":1}},"line":43}},"branchMap":{},"s":{"0":2,"1":2,"2":2,"3":2,"4":1,"5":1,"6":1,"7":2,"8":2,"9":2,"10":2,"11":1,"12":1,"13":1,"14":2,"15":2,"16":2,"17":2,"18":2,"19":1,"20":1,"21":1,"22":2,"23":2,"24":2,"25":2,"26":1,"27":1,"28":1,"29":2},"f":{"0":2,"1":2,"2":2,"3":2},"b":{},"_coverageSchema":"1a1c01bbd47fc00a2c39e90264f33305004495a9","hash":"0d6712b40643eb612e146c1b590fab02c7babc04"}
,"E:\\ЧНУ\\4 семестр\\Back End\\project\\controllers\\report.controller.js": {"path":"E:\\ЧНУ\\4 семестр\\Back End\\project\\controllers\\report.controller.js","statementMap":{"0":{"start":{"line":1,"column":11},"end":{"line":1,"column":34}},"1":{"start":{"line":3,"column":0},"end":{"line":67,"column":2}},"2":{"start":{"line":4,"column":4},"end":{"line":66,"column":5}},"3":{"start":{"line":5,"column":87},"end":{"line":5,"column":96}},"4":{"start":{"line":7,"column":27},"end":{"line":7,"column":29}},"5":{"start":{"line":8,"column":23},"end":{"line":8,"column":25}},"6":{"start":{"line":10,"column":8},"end":{"line":13,"column":9}},"7":{"start":{"line":11,"column":12},"end":{"line":11,"column":45}},"8":{"start":{"line":12,"column":12},"end":{"line":12,"column":42}},"9":{"start":{"line":15,"column":8},"end":{"line":18,"column":9}},"10":{"start":{"line":16,"column":12},"end":{"line":16,"column":48}},"11":{"start":{"line":17,"column":12},"end":{"line":17,"column":30}},"12":{"start":{"line":20,"column":8},"end":{"line":23,"column":9}},"13":{"start":{"line":21,"column":12},"end":{"line":21,"column":60}},"14":{"start":{"line":22,"column":12},"end":{"line":22,"column":44}},"15":{"start":{"line":25,"column":8},"end":{"line":28,"column":9}},"16":{"start":{"line":26,"column":12},"end":{"line":26,"column":49}},"17":{"start":{"line":27,"column":12},"end":{"line":27,"column":46}},"18":{"start":{"line":30,"column":8},"end":{"line":33,"column":9}},"19":{"start":{"line":31,"column":12},"end":{"line":31,"column":45}},"20":{"start":{"line":32,"column":12},"end":{"line":32,"column":47}},"21":{"start":{"line":35,"column":8},"end":{"line":38,"column":9}},"22":{"start":{"line":36,"column":12},"end":{"line":36,"column":45}},"23":{"start":{"line":37,"column":12},"end":{"line":37,"column":47}},"24":{"start":{"line":40,"column":28},"end":{"line":40,"column":88}},"25":{"start":{"line":42,"column":22},"end":{"line":55,"column":9}},"26":{"start":{"line":57,"column":8},"end":{"line":57,"column":47}},"27":{"start":{"line":58,"column":8},"end":{"line":58,"column":49}},"28":{"start":{"line":60,"column":21},"end":{"line":60,"column":50}},"29":{"start":{"line":62,"column":8},"end":{"line":62,"column":23}},"30":{"start":{"line":64,"column":8},"end":{"line":64,"column":57}},"31":{"start":{"line":65,"column":8},"end":{"line":65,"column":89}},"32":{"start":{"line":69,"column":0},"end":{"line":69,"column":25}}},"fnMap":{"0":{"name":"(anonymous_0)","decl":{"start":{"line":3,"column":20},"end":{"line":3,"column":21}},"loc":{"start":{"line":3,"column":40},"end":{"line":67,"column":1}},"line":3}},"branchMap":{"0":{"loc":{"start":{"line":10,"column":8},"end":{"line":13,"column":9}},"type":"if","locations":[{"start":{"line":10,"column":8},"end":{"line":13,"column":9}},{"start":{},"end":{}}],"line":10},"1":{"loc":{"start":{"line":15,"column":8},"end":{"line":18,"column":9}},"type":"if","locations":[{"start":{"line":15,"column":8},"end":{"line":18,"column":9}},{"start":{},"end":{}}],"line":15},"2":{"loc":{"start":{"line":20,"column":8},"end":{"line":23,"column":9}},"type":"if","locations":[{"start":{"line":20,"column":8},"end":{"line":23,"column":9}},{"start":{},"end":{}}],"line":20},"3":{"loc":{"start":{"line":20,"column":12},"end":{"line":20,"column":32}},"type":"binary-expr","locations":[{"start":{"line":20,"column":12},"end":{"line":20,"column":21}},{"start":{"line":20,"column":25},"end":{"line":20,"column":32}}],"line":20},"4":{"loc":{"start":{"line":25,"column":8},"end":{"line":28,"column":9}},"type":"if","locations":[{"start":{"line":25,"column":8},"end":{"line":28,"column":9}},{"start":{},"end":{}}],"line":25},"5":{"loc":{"start":{"line":30,"column":8},"end":{"line":33,"column":9}},"type":"if","locations":[{"start":{"line":30,"column":8},"end":{"line":33,"column":9}},{"start":{},"end":{}}],"line":30},"6":{"loc":{"start":{"line":35,"column":8},"end":{"line":38,"column":9}},"type":"if","locations":[{"start":{"line":35,"column":8},"end":{"line":38,"column":9}},{"start":{},"end":{}}],"line":35},"7":{"loc":{"start":{"line":40,"column":28},"end":{"line":40,"column":88}},"type":"cond-expr","locations":[{"start":{"line":40,"column":48},"end":{"line":40,"column":83}},{"start":{"line":40,"column":86},"end":{"line":40,"column":88}}],"line":40}},"s":{"0":2,"1":2,"2":0,"3":0,"4":0,"5":0,"6":0,"7":0,"8":0,"9":0,"10":0,"11":0,"12":0,"13":0,"14":0,"15":0,"16":0,"17":0,"18":0,"19":0,"20":0,"21":0,"22":0,"23":0,"24":0,"25":0,"26":0,"27":0,"28":0,"29":0,"30":0,"31":0,"32":2},"f":{"0":0},"b":{"0":[0,0],"1":[0,0],"2":[0,0],"3":[0,0],"4":[0,0],"5":[0,0],"6":[0,0],"7":[0,0]},"_coverageSchema":"1a1c01bbd47fc00a2c39e90264f33305004495a9","hash":"9adc88b9cb6a90609319ab7092c4f931a0f859ec"}
,"E:\\ЧНУ\\4 семестр\\Back End\\project\\controllers\\transactions.controller.js": {"path":"E:\\ЧНУ\\4 семестр\\Back End\\project\\controllers\\transactions.controller.js","statementMap":{"0":{"start":{"line":1,"column":20},"end":{"line":1,"column":58}},"1":{"start":{"line":2,"column":11},"end":{"line":2,"column":34}},"2":{"start":{"line":4,"column":27},"end":{"line":12,"column":1}},"3":{"start":{"line":5,"column":4},"end":{"line":11,"column":5}},"4":{"start":{"line":6,"column":29},"end":{"line":6,"column":55}},"5":{"start":{"line":7,"column":8},"end":{"line":7,"column":43}},"6":{"start":{"line":9,"column":8},"end":{"line":9,"column":61}},"7":{"start":{"line":10,"column":8},"end":{"line":10,"column":58}},"8":{"start":{"line":14,"column":24},"end":{"line":45,"column":1}},"9":{"start":{"line":15,"column":63},"end":{"line":15,"column":71}},"10":{"start":{"line":17,"column":4},"end":{"line":19,"column":5}},"11":{"start":{"line":18,"column":8},"end":{"line":18,"column":75}},"12":{"start":{"line":21,"column":4},"end":{"line":44,"column":5}},"13":{"start":{"line":22,"column":23},"end":{"line":22,"column":84}},"14":{"start":{"line":24,"column":8},"end":{"line":24,"column":76}},"15":{"start":{"line":24,"column":19},"end":{"line":24,"column":76}},"16":{"start":{"line":26,"column":25},"end":{"line":26,"column":49}},"17":{"start":{"line":28,"column":8},"end":{"line":35,"column":9}},"18":{"start":{"line":29,"column":12},"end":{"line":31,"column":13}},"19":{"start":{"line":30,"column":16},"end":{"line":30,"column":79}},"20":{"start":{"line":32,"column":12},"end":{"line":32,"column":45}},"21":{"start":{"line":33,"column":15},"end":{"line":35,"column":9}},"22":{"start":{"line":34,"column":12},"end":{"line":34,"column":45}},"23":{"start":{"line":37,"column":8},"end":{"line":37,"column":91}},"24":{"start":{"line":39,"column":23},"end":{"line":39,"column":99}},"25":{"start":{"line":40,"column":8},"end":{"line":40,"column":97}},"26":{"start":{"line":42,"column":8},"end":{"line":42,"column":60}},"27":{"start":{"line":43,"column":8},"end":{"line":43,"column":58}},"28":{"start":{"line":47,"column":26},"end":{"line":90,"column":1}},"29":{"start":{"line":48,"column":19},"end":{"line":48,"column":29}},"30":{"start":{"line":49,"column":54},"end":{"line":49,"column":62}},"31":{"start":{"line":51,"column":4},"end":{"line":89,"column":5}},"32":{"start":{"line":53,"column":33},"end":{"line":53,"column":96}},"33":{"start":{"line":54,"column":8},"end":{"line":54,"column":93}},"34":{"start":{"line":54,"column":29},"end":{"line":54,"column":93}},"35":{"start":{"line":57,"column":23},"end":{"line":57,"column":99}},"36":{"start":{"line":58,"column":8},"end":{"line":58,"column":76}},"37":{"start":{"line":58,"column":19},"end":{"line":58,"column":76}},"38":{"start":{"line":60,"column":22},"end":{"line":60,"column":46}},"39":{"start":{"line":63,"column":8},"end":{"line":67,"column":9}},"40":{"start":{"line":64,"column":12},"end":{"line":64,"column":57}},"41":{"start":{"line":65,"column":15},"end":{"line":67,"column":9}},"42":{"start":{"line":66,"column":12},"end":{"line":66,"column":57}},"43":{"start":{"line":70,"column":8},"end":{"line":77,"column":9}},"44":{"start":{"line":71,"column":12},"end":{"line":71,"column":42}},"45":{"start":{"line":72,"column":15},"end":{"line":77,"column":9}},"46":{"start":{"line":73,"column":12},"end":{"line":75,"column":13}},"47":{"start":{"line":74,"column":16},"end":{"line":74,"column":90}},"48":{"start":{"line":76,"column":12},"end":{"line":76,"column":42}},"49":{"start":{"line":80,"column":8},"end":{"line":80,"column":88}},"50":{"start":{"line":83,"column":8},"end":{"line":83,"column":80}},"51":{"start":{"line":85,"column":8},"end":{"line":85,"column":86}},"52":{"start":{"line":87,"column":8},"end":{"line":87,"column":60}},"53":{"start":{"line":88,"column":8},"end":{"line":88,"column":58}},"54":{"start":{"line":93,"column":26},"end":{"line":125,"column":1}},"55":{"start":{"line":94,"column":19},"end":{"line":94,"column":29}},"56":{"start":{"line":96,"column":4},"end":{"line":124,"column":5}},"57":{"start":{"line":98,"column":30},"end":{"line":98,"column":93}},"58":{"start":{"line":99,"column":8},"end":{"line":99,"column":90}},"59":{"start":{"line":99,"column":26},"end":{"line":99,"column":90}},"60":{"start":{"line":102,"column":23},"end":{"line":102,"column":96}},"61":{"start":{"line":103,"column":8},"end":{"line":103,"column":76}},"62":{"start":{"line":103,"column":19},"end":{"line":103,"column":76}},"63":{"start":{"line":105,"column":22},"end":{"line":105,"column":46}},"64":{"start":{"line":108,"column":8},"end":{"line":112,"column":9}},"65":{"start":{"line":109,"column":12},"end":{"line":109,"column":54}},"66":{"start":{"line":110,"column":15},"end":{"line":112,"column":9}},"67":{"start":{"line":111,"column":12},"end":{"line":111,"column":54}},"68":{"start":{"line":115,"column":8},"end":{"line":115,"column":88}},"69":{"start":{"line":118,"column":8},"end":{"line":118,"column":37}},"70":{"start":{"line":120,"column":8},"end":{"line":120,"column":86}},"71":{"start":{"line":122,"column":8},"end":{"line":122,"column":60}},"72":{"start":{"line":123,"column":8},"end":{"line":123,"column":58}},"73":{"start":{"line":128,"column":0},"end":{"line":133,"column":2}}},"fnMap":{"0":{"name":"(anonymous_0)","decl":{"start":{"line":4,"column":27},"end":{"line":4,"column":28}},"loc":{"start":{"line":4,"column":47},"end":{"line":12,"column":1}},"line":4},"1":{"name":"(anonymous_1)","decl":{"start":{"line":14,"column":24},"end":{"line":14,"column":25}},"loc":{"start":{"line":14,"column":44},"end":{"line":45,"column":1}},"line":14},"2":{"name":"(anonymous_2)","decl":{"start":{"line":47,"column":26},"end":{"line":47,"column":27}},"loc":{"start":{"line":47,"column":46},"end":{"line":90,"column":1}},"line":47},"3":{"name":"(anonymous_3)","decl":{"start":{"line":93,"column":26},"end":{"line":93,"column":27}},"loc":{"start":{"line":93,"column":46},"end":{"line":125,"column":1}},"line":93}},"branchMap":{"0":{"loc":{"start":{"line":17,"column":4},"end":{"line":19,"column":5}},"type":"if","locations":[{"start":{"line":17,"column":4},"end":{"line":19,"column":5}},{"start":{},"end":{}}],"line":17},"1":{"loc":{"start":{"line":24,"column":8},"end":{"line":24,"column":76}},"type":"if","locations":[{"start":{"line":24,"column":8},"end":{"line":24,"column":76}},{"start":{},"end":{}}],"line":24},"2":{"loc":{"start":{"line":28,"column":8},"end":{"line":35,"column":9}},"type":"if","locations":[{"start":{"line":28,"column":8},"end":{"line":35,"column":9}},{"start":{"line":33,"column":15},"end":{"line":35,"column":9}}],"line":28},"3":{"loc":{"start":{"line":29,"column":12},"end":{"line":31,"column":13}},"type":"if","locations":[{"start":{"line":29,"column":12},"end":{"line":31,"column":13}},{"start":{},"end":{}}],"line":29},"4":{"loc":{"start":{"line":33,"column":15},"end":{"line":35,"column":9}},"type":"if","locations":[{"start":{"line":33,"column":15},"end":{"line":35,"column":9}},{"start":{},"end":{}}],"line":33},"5":{"loc":{"start":{"line":54,"column":8},"end":{"line":54,"column":93}},"type":"if","locations":[{"start":{"line":54,"column":8},"end":{"line":54,"column":93}},{"start":{},"end":{}}],"line":54},"6":{"loc":{"start":{"line":58,"column":8},"end":{"line":58,"column":76}},"type":"if","locations":[{"start":{"line":58,"column":8},"end":{"line":58,"column":76}},{"start":{},"end":{}}],"line":58},"7":{"loc":{"start":{"line":63,"column":8},"end":{"line":67,"column":9}},"type":"if","locations":[{"start":{"line":63,"column":8},"end":{"line":67,"column":9}},{"start":{"line":65,"column":15},"end":{"line":67,"column":9}}],"line":63},"8":{"loc":{"start":{"line":65,"column":15},"end":{"line":67,"column":9}},"type":"if","locations":[{"start":{"line":65,"column":15},"end":{"line":67,"column":9}},{"start":{},"end":{}}],"line":65},"9":{"loc":{"start":{"line":70,"column":8},"end":{"line":77,"column":9}},"type":"if","locations":[{"start":{"line":70,"column":8},"end":{"line":77,"column":9}},{"start":{"line":72,"column":15},"end":{"line":77,"column":9}}],"line":70},"10":{"loc":{"start":{"line":72,"column":15},"end":{"line":77,"column":9}},"type":"if","locations":[{"start":{"line":72,"column":15},"end":{"line":77,"column":9}},{"start":{},"end":{}}],"line":72},"11":{"loc":{"start":{"line":73,"column":12},"end":{"line":75,"column":13}},"type":"if","locations":[{"start":{"line":73,"column":12},"end":{"line":75,"column":13}},{"start":{},"end":{}}],"line":73},"12":{"loc":{"start":{"line":99,"column":8},"end":{"line":99,"column":90}},"type":"if","locations":[{"start":{"line":99,"column":8},"end":{"line":99,"column":90}},{"start":{},"end":{}}],"line":99},"13":{"loc":{"start":{"line":103,"column":8},"end":{"line":103,"column":76}},"type":"if","locations":[{"start":{"line":103,"column":8},"end":{"line":103,"column":76}},{"start":{},"end":{}}],"line":103},"14":{"loc":{"start":{"line":108,"column":8},"end":{"line":112,"column":9}},"type":"if","locations":[{"start":{"line":108,"column":8},"end":{"line":112,"column":9}},{"start":{"line":110,"column":15},"end":{"line":112,"column":9}}],"line":108},"15":{"loc":{"start":{"line":110,"column":15},"end":{"line":112,"column":9}},"type":"if","locations":[{"start":{"line":110,"column":15},"end":{"line":112,"column":9}},{"start":{},"end":{}}],"line":110}},"s":{"0":2,"1":2,"2":2,"3":0,"4":0,"5":0,"6":0,"7":0,"8":2,"9":0,"10":0,"11":0,"12":0,"13":0,"14":0,"15":0,"16":0,"17":0,"18":0,"19":0,"20":0,"21":0,"22":0,"23":0,"24":0,"25":0,"26":0,"27":0,"28":2,"29":0,"30":0,"31":0,"32":0,"33":0,"34":0,"35":0,"36":0,"37":0,"38":0,"39":0,"40":0,"41":0,"42":0,"43":0,"44":0,"45":0,"46":0,"47":0,"48":0,"49":0,"50":0,"51":0,"52":0,"53":0,"54":2,"55":0,"56":0,"57":0,"58":0,"59":0,"60":0,"61":0,"62":0,"63":0,"64":0,"65":0,"66":0,"67":0,"68":0,"69":0,"70":0,"71":0,"72":0,"73":2},"f":{"0":0,"1":0,"2":0,"3":0},"b":{"0":[0,0],"1":[0,0],"2":[0,0],"3":[0,0],"4":[0,0],"5":[0,0],"6":[0,0],"7":[0,0],"8":[0,0],"9":[0,0],"10":[0,0],"11":[0,0],"12":[0,0],"13":[0,0],"14":[0,0],"15":[0,0]},"_coverageSchema":"1a1c01bbd47fc00a2c39e90264f33305004495a9","hash":"5d5a131aa0a7963473d9090236f1b0328c1369aa"}
,"E:\\ЧНУ\\4 семестр\\Back End\\project\\controllers\\users.controller.js": {"path":"E:\\ЧНУ\\4 семестр\\Back End\\project\\controllers\\users.controller.js","statementMap":{"0":{"start":{"line":2,"column":13},"end":{"line":2,"column":44}},"1":{"start":{"line":4,"column":20},"end":{"line":12,"column":1}},"2":{"start":{"line":5,"column":4},"end":{"line":11,"column":5}},"3":{"start":{"line":6,"column":22},"end":{"line":6,"column":41}},"4":{"start":{"line":7,"column":8},"end":{"line":7,"column":36}},"5":{"start":{"line":9,"column":8},"end":{"line":9,"column":54}},"6":{"start":{"line":10,"column":8},"end":{"line":10,"column":58}},"7":{"start":{"line":14,"column":17},"end":{"line":23,"column":1}},"8":{"start":{"line":15,"column":28},"end":{"line":15,"column":37}},"9":{"start":{"line":16,"column":4},"end":{"line":22,"column":5}},"10":{"start":{"line":17,"column":23},"end":{"line":17,"column":55}},"11":{"start":{"line":18,"column":8},"end":{"line":18,"column":64}},"12":{"start":{"line":20,"column":8},"end":{"line":20,"column":54}},"13":{"start":{"line":21,"column":8},"end":{"line":21,"column":58}},"14":{"start":{"line":25,"column":19},"end":{"line":34,"column":1}},"15":{"start":{"line":26,"column":19},"end":{"line":26,"column":29}},"16":{"start":{"line":27,"column":4},"end":{"line":33,"column":5}},"17":{"start":{"line":28,"column":23},"end":{"line":28,"column":48}},"18":{"start":{"line":29,"column":8},"end":{"line":29,"column":79}},"19":{"start":{"line":31,"column":8},"end":{"line":31,"column":53}},"20":{"start":{"line":32,"column":8},"end":{"line":32,"column":58}},"21":{"start":{"line":36,"column":0},"end":{"line":40,"column":2}}},"fnMap":{"0":{"name":"(anonymous_0)","decl":{"start":{"line":4,"column":20},"end":{"line":4,"column":21}},"loc":{"start":{"line":4,"column":40},"end":{"line":12,"column":1}},"line":4},"1":{"name":"(anonymous_1)","decl":{"start":{"line":14,"column":17},"end":{"line":14,"column":18}},"loc":{"start":{"line":14,"column":37},"end":{"line":23,"column":1}},"line":14},"2":{"name":"(anonymous_2)","decl":{"start":{"line":25,"column":19},"end":{"line":25,"column":20}},"loc":{"start":{"line":25,"column":39},"end":{"line":34,"column":1}},"line":25}},"branchMap":{},"s":{"0":2,"1":2,"2":1,"3":1,"4":1,"5":0,"6":0,"7":2,"8":0,"9":0,"10":0,"11":0,"12":0,"13":0,"14":2,"15":1,"16":1,"17":1,"18":1,"19":0,"20":0,"21":2},"f":{"0":1,"1":0,"2":1},"b":{},"_coverageSchema":"1a1c01bbd47fc00a2c39e90264f33305004495a9","hash":"732b992823252194ce142c24517006aa5a0bbe87"}
,"E:\\ЧНУ\\4 семестр\\Back End\\project\\middleware\\performanceLogger.js": {"path":"E:\\ЧНУ\\4 семестр\\Back End\\project\\middleware\\performanceLogger.js","statementMap":{"0":{"start":{"line":1,"column":26},"end":{"line":11,"column":1}},"1":{"start":{"line":2,"column":18},"end":{"line":2,"column":34}},"2":{"start":{"line":4,"column":4},"end":{"line":8,"column":7}},"3":{"start":{"line":5,"column":21},"end":{"line":5,"column":42}},"4":{"start":{"line":6,"column":25},"end":{"line":6,"column":55}},"5":{"start":{"line":7,"column":8},"end":{"line":7,"column":84}},"6":{"start":{"line":10,"column":4},"end":{"line":10,"column":11}},"7":{"start":{"line":13,"column":0},"end":{"line":13,"column":35}}},"fnMap":{"0":{"name":"(anonymous_0)","decl":{"start":{"line":1,"column":26},"end":{"line":1,"column":27}},"loc":{"start":{"line":1,"column":46},"end":{"line":11,"column":1}},"line":1},"1":{"name":"(anonymous_1)","decl":{"start":{"line":4,"column":21},"end":{"line":4,"column":22}},"loc":{"start":{"line":4,"column":27},"end":{"line":8,"column":5}},"line":4}},"branchMap":{},"s":{"0":2,"1":10,"2":10,"3":10,"4":10,"5":10,"6":10,"7":2},"f":{"0":10,"1":10},"b":{},"_coverageSchema":"1a1c01bbd47fc00a2c39e90264f33305004495a9","hash":"02087f304046df0b5dba6293ff821ff649b5181e"}
,"E:\\ЧНУ\\4 семестр\\Back End\\project\\middleware\\requestLogger.js": {"path":"E:\\ЧНУ\\4 семестр\\Back End\\project\\middleware\\requestLogger.js","statementMap":{"0":{"start":{"line":1,"column":22},"end":{"line":15,"column":1}},"1":{"start":{"line":2,"column":24},"end":{"line":2,"column":34}},"2":{"start":{"line":3,"column":24},"end":{"line":3,"column":33}},"3":{"start":{"line":5,"column":24},"end":{"line":10,"column":5}},"4":{"start":{"line":12,"column":4},"end":{"line":12,"column":72}},"5":{"start":{"line":14,"column":4},"end":{"line":14,"column":11}},"6":{"start":{"line":17,"column":0},"end":{"line":17,"column":31}}},"fnMap":{"0":{"name":"(anonymous_0)","decl":{"start":{"line":1,"column":22},"end":{"line":1,"column":23}},"loc":{"start":{"line":1,"column":42},"end":{"line":15,"column":1}},"line":1}},"branchMap":{},"s":{"0":2,"1":10,"2":10,"3":10,"4":10,"5":10,"6":2},"f":{"0":10},"b":{},"_coverageSchema":"1a1c01bbd47fc00a2c39e90264f33305004495a9","hash":"8c8bb8d8cc6b66b85f36982813b287dee23fb724"}
,"E:\\ЧНУ\\4 семестр\\Back End\\project\\models\\category.model.js": {"path":"E:\\ЧНУ\\4 семестр\\Back End\\project\\models\\category.model.js","statementMap":{"0":{"start":{"line":1,"column":11},"end":{"line":1,"column":26}},"1":{"start":{"line":7,"column":21},"end":{"line":7,"column":63}},"2":{"start":{"line":8,"column":8},"end":{"line":8,"column":20}},"3":{"start":{"line":13,"column":23},"end":{"line":13,"column":89}},"4":{"start":{"line":14,"column":8},"end":{"line":14,"column":22}},"5":{"start":{"line":19,"column":23},"end":{"line":19,"column":96}},"6":{"start":{"line":20,"column":8},"end":{"line":20,"column":22}},"7":{"start":{"line":25,"column":23},"end":{"line":25,"column":82}},"8":{"start":{"line":26,"column":8},"end":{"line":26,"column":22}},"9":{"start":{"line":30,"column":0},"end":{"line":30,"column":26}}},"fnMap":{"0":{"name":"(anonymous_0)","decl":{"start":{"line":4,"column":4},"end":{"line":4,"column":5}},"loc":{"start":{"line":4,"column":26},"end":{"line":9,"column":5}},"line":4},"1":{"name":"(anonymous_1)","decl":{"start":{"line":11,"column":4},"end":{"line":11,"column":5}},"loc":{"start":{"line":11,"column":36},"end":{"line":15,"column":5}},"line":11},"2":{"name":"(anonymous_2)","decl":{"start":{"line":17,"column":4},"end":{"line":17,"column":5}},"loc":{"start":{"line":17,"column":42},"end":{"line":21,"column":5}},"line":17},"3":{"name":"(anonymous_3)","decl":{"start":{"line":23,"column":4},"end":{"line":23,"column":5}},"loc":{"start":{"line":23,"column":36},"end":{"line":27,"column":5}},"line":23}},"branchMap":{},"s":{"0":2,"1":0,"2":0,"3":0,"4":0,"5":0,"6":0,"7":0,"8":0,"9":2},"f":{"0":0,"1":0,"2":0,"3":0},"b":{},"_coverageSchema":"1a1c01bbd47fc00a2c39e90264f33305004495a9","hash":"e3145f2741a7e66533d65a8122a509448dbe3093"}
,"E:\\ЧНУ\\4 семестр\\Back End\\project\\models\\db.js": {"path":"E:\\ЧНУ\\4 семестр\\Back End\\project\\models\\db.js","statementMap":{"0":{"start":{"line":1,"column":14},"end":{"line":1,"column":39}},"1":{"start":{"line":2,"column":15},"end":{"line":2,"column":45}},"2":{"start":{"line":6,"column":4},"end":{"line":17,"column":5}},"3":{"start":{"line":7,"column":8},"end":{"line":7,"column":61}},"4":{"start":{"line":8,"column":26},"end":{"line":8,"column":63}},"5":{"start":{"line":9,"column":8},"end":{"line":9,"column":23}},"6":{"start":{"line":11,"column":8},"end":{"line":11,"column":54}},"7":{"start":{"line":12,"column":8},"end":{"line":12,"column":20}},"8":{"start":{"line":14,"column":8},"end":{"line":16,"column":9}},"9":{"start":{"line":15,"column":12},"end":{"line":15,"column":35}},"10":{"start":{"line":20,"column":0},"end":{"line":22,"column":2}}},"fnMap":{"0":{"name":"query","decl":{"start":{"line":4,"column":15},"end":{"line":4,"column":20}},"loc":{"start":{"line":4,"column":34},"end":{"line":18,"column":1}},"line":4}},"branchMap":{"0":{"loc":{"start":{"line":14,"column":8},"end":{"line":16,"column":9}},"type":"if","locations":[{"start":{"line":14,"column":8},"end":{"line":16,"column":9}},{"start":{},"end":{}}],"line":14}},"s":{"0":3,"1":3,"2":2,"3":2,"4":2,"5":2,"6":0,"7":0,"8":2,"9":2,"10":3},"f":{"0":2},"b":{"0":[2,0]},"_coverageSchema":"1a1c01bbd47fc00a2c39e90264f33305004495a9","hash":"a4ac0248164c61b926b4b781be87eb615d143a20"}
,"E:\\ЧНУ\\4 семестр\\Back End\\project\\models\\transaction.model.js": {"path":"E:\\ЧНУ\\4 семестр\\Back End\\project\\models\\transaction.model.js","statementMap":{"0":{"start":{"line":1,"column":11},"end":{"line":1,"column":26}},"1":{"start":{"line":5,"column":8},"end":{"line":5,"column":54}},"2":{"start":{"line":9,"column":23},"end":{"line":12,"column":9}},"3":{"start":{"line":13,"column":8},"end":{"line":13,"column":22}},"4":{"start":{"line":17,"column":8},"end":{"line":20,"column":10}},"5":{"start":{"line":24,"column":8},"end":{"line":24,"column":71}},"6":{"start":{"line":28,"column":0},"end":{"line":28,"column":29}}},"fnMap":{"0":{"name":"(anonymous_0)","decl":{"start":{"line":4,"column":4},"end":{"line":4,"column":5}},"loc":{"start":{"line":4,"column":26},"end":{"line":6,"column":5}},"line":4},"1":{"name":"(anonymous_1)","decl":{"start":{"line":8,"column":4},"end":{"line":8,"column":5}},"loc":{"start":{"line":8,"column":76},"end":{"line":14,"column":5}},"line":8},"2":{"name":"(anonymous_2)","decl":{"start":{"line":16,"column":4},"end":{"line":16,"column":5}},"loc":{"start":{"line":16,"column":71},"end":{"line":21,"column":5}},"line":16},"3":{"name":"(anonymous_3)","decl":{"start":{"line":23,"column":4},"end":{"line":23,"column":5}},"loc":{"start":{"line":23,"column":28},"end":{"line":25,"column":5}},"line":23}},"branchMap":{},"s":{"0":2,"1":0,"2":0,"3":0,"4":0,"5":0,"6":2},"f":{"0":0,"1":0,"2":0,"3":0},"b":{},"_coverageSchema":"1a1c01bbd47fc00a2c39e90264f33305004495a9","hash":"8587448040cf2834ae046edf41e815846fec71fc"}
,"E:\\ЧНУ\\4 семестр\\Back End\\project\\models\\user.model.js": {"path":"E:\\ЧНУ\\4 семестр\\Back End\\project\\models\\user.model.js","statementMap":{"0":{"start":{"line":2,"column":11},"end":{"line":2,"column":26}},"1":{"start":{"line":4,"column":13},"end":{"line":6,"column":1}},"2":{"start":{"line":5,"column":4},"end":{"line":5,"column":22}},"3":{"start":{"line":8,"column":0},"end":{"line":12,"column":2}},"4":{"start":{"line":9,"column":18},"end":{"line":9,"column":39}},"5":{"start":{"line":10,"column":17},"end":{"line":10,"column":38}},"6":{"start":{"line":11,"column":4},"end":{"line":11,"column":16}},"7":{"start":{"line":14,"column":0},"end":{"line":18,"column":2}},"8":{"start":{"line":15,"column":18},"end":{"line":15,"column":65}},"9":{"start":{"line":16,"column":19},"end":{"line":16,"column":55}},"10":{"start":{"line":17,"column":4},"end":{"line":17,"column":18}},"11":{"start":{"line":20,"column":0},"end":{"line":24,"column":2}},"12":{"start":{"line":21,"column":18},"end":{"line":21,"column":50}},"13":{"start":{"line":22,"column":19},"end":{"line":22,"column":46}},"14":{"start":{"line":23,"column":4},"end":{"line":23,"column":18}},"15":{"start":{"line":26,"column":0},"end":{"line":26,"column":22}}},"fnMap":{"0":{"name":"(anonymous_0)","decl":{"start":{"line":4,"column":13},"end":{"line":4,"column":14}},"loc":{"start":{"line":4,"column":29},"end":{"line":6,"column":1}},"line":4},"1":{"name":"(anonymous_1)","decl":{"start":{"line":8,"column":14},"end":{"line":8,"column":15}},"loc":{"start":{"line":8,"column":26},"end":{"line":12,"column":1}},"line":8},"2":{"name":"(anonymous_2)","decl":{"start":{"line":14,"column":16},"end":{"line":14,"column":17}},"loc":{"start":{"line":14,"column":39},"end":{"line":18,"column":1}},"line":14},"3":{"name":"(anonymous_3)","decl":{"start":{"line":20,"column":18},"end":{"line":20,"column":19}},"loc":{"start":{"line":20,"column":30},"end":{"line":24,"column":1}},"line":20}},"branchMap":{},"s":{"0":2,"1":2,"2":0,"3":2,"4":1,"5":1,"6":1,"7":2,"8":0,"9":0,"10":0,"11":2,"12":1,"13":1,"14":1,"15":2},"f":{"0":0,"1":1,"2":0,"3":1},"b":{},"_coverageSchema":"1a1c01bbd47fc00a2c39e90264f33305004495a9","hash":"f480cc8fbcef71810d55eb6b173293fe3f9fd553"}
,"E:\\ЧНУ\\4 семестр\\Back End\\project\\routes\\categories.js": {"path":"E:\\ЧНУ\\4 семестр\\Back End\\project\\routes\\categories.js","statementMap":{"0":{"start":{"line":1,"column":16},"end":{"line":1,"column":34}},"1":{"start":{"line":3,"column":15},"end":{"line":3,"column":31}},"2":{"start":{"line":4,"column":13},"end":{"line":4,"column":60}},"3":{"start":{"line":6,"column":0},"end":{"line":6,"column":39}},"4":{"start":{"line":7,"column":0},"end":{"line":7,"column":39}},"5":{"start":{"line":8,"column":0},"end":{"line":8,"column":45}},"6":{"start":{"line":9,"column":0},"end":{"line":9,"column":50}},"7":{"start":{"line":11,"column":0},"end":{"line":11,"column":24}}},"fnMap":{},"branchMap":{},"s":{"0":2,"1":2,"2":2,"3":2,"4":2,"5":2,"6":2,"7":2},"f":{},"b":{},"_coverageSchema":"1a1c01bbd47fc00a2c39e90264f33305004495a9","hash":"700676a9888bc26e090efbcca76da75632f6f682"}
,"E:\\ЧНУ\\4 семестр\\Back End\\project\\routes\\index.js": {"path":"E:\\ЧНУ\\4 семестр\\Back End\\project\\routes\\index.js","statementMap":{"0":{"start":{"line":1,"column":16},"end":{"line":1,"column":34}},"1":{"start":{"line":3,"column":15},"end":{"line":3,"column":31}},"2":{"start":{"line":6,"column":0},"end":{"line":8,"column":3}},"3":{"start":{"line":7,"column":4},"end":{"line":7,"column":46}},"4":{"start":{"line":10,"column":0},"end":{"line":10,"column":24}}},"fnMap":{"0":{"name":"(anonymous_0)","decl":{"start":{"line":6,"column":16},"end":{"line":6,"column":17}},"loc":{"start":{"line":6,"column":30},"end":{"line":8,"column":1}},"line":6}},"branchMap":{},"s":{"0":2,"1":2,"2":2,"3":0,"4":2},"f":{"0":0},"b":{},"_coverageSchema":"1a1c01bbd47fc00a2c39e90264f33305004495a9","hash":"3b69033135db2441cecfd25f8b80f6875a16771e"}
,"E:\\ЧНУ\\4 семестр\\Back End\\project\\routes\\report.js": {"path":"E:\\ЧНУ\\4 семестр\\Back End\\project\\routes\\report.js","statementMap":{"0":{"start":{"line":1,"column":16},"end":{"line":1,"column":34}},"1":{"start":{"line":2,"column":15},"end":{"line":2,"column":31}},"2":{"start":{"line":3,"column":25},"end":{"line":3,"column":68}},"3":{"start":{"line":5,"column":0},"end":{"line":5,"column":44}},"4":{"start":{"line":7,"column":0},"end":{"line":7,"column":24}}},"fnMap":{},"branchMap":{},"s":{"0":2,"1":2,"2":2,"3":2,"4":2},"f":{},"b":{},"_coverageSchema":"1a1c01bbd47fc00a2c39e90264f33305004495a9","hash":"3f84a8a5b7a42370df174043cc4bff99773ee7ee"}
,"E:\\ЧНУ\\4 семестр\\Back End\\project\\routes\\transactions.js": {"path":"E:\\ЧНУ\\4 семестр\\Back End\\project\\routes\\transactions.js","statementMap":{"0":{"start":{"line":1,"column":16},"end":{"line":1,"column":34}},"1":{"start":{"line":7,"column":4},"end":{"line":7,"column":53}},"2":{"start":{"line":9,"column":15},"end":{"line":9,"column":31}},"3":{"start":{"line":11,"column":0},"end":{"line":11,"column":36}},"4":{"start":{"line":12,"column":0},"end":{"line":12,"column":37}},"5":{"start":{"line":13,"column":0},"end":{"line":13,"column":43}},"6":{"start":{"line":14,"column":0},"end":{"line":14,"column":48}},"7":{"start":{"line":16,"column":0},"end":{"line":16,"column":24}}},"fnMap":{},"branchMap":{},"s":{"0":2,"1":2,"2":2,"3":2,"4":2,"5":2,"6":2,"7":2},"f":{},"b":{},"_coverageSchema":"1a1c01bbd47fc00a2c39e90264f33305004495a9","hash":"cba2bc13d9164f5d8c2d0f1e809e958c9258152c"}
,"E:\\ЧНУ\\4 семестр\\Back End\\project\\routes\\users.js": {"path":"E:\\ЧНУ\\4 семестр\\Back End\\project\\routes\\users.js","statementMap":{"0":{"start":{"line":2,"column":16},"end":{"line":2,"column":34}},"1":{"start":{"line":3,"column":46},"end":{"line":3,"column":88}},"2":{"start":{"line":5,"column":15},"end":{"line":5,"column":31}},"3":{"start":{"line":7,"column":0},"end":{"line":7,"column":29}},"4":{"start":{"line":8,"column":0},"end":{"line":8,"column":30}},"5":{"start":{"line":9,"column":0},"end":{"line":9,"column":41}},"6":{"start":{"line":11,"column":0},"end":{"line":11,"column":24}}},"fnMap":{},"branchMap":{},"s":{"0":2,"1":2,"2":2,"3":2,"4":2,"5":2,"6":2},"f":{},"b":{},"_coverageSchema":"1a1c01bbd47fc00a2c39e90264f33305004495a9","hash":"16eaf1bd1b4a91dca40283a1f8ecd0f6758a301d"}
}
