{"E:\\ЧНУ\\4 семестр\\Back End\\LR3\\expressjsdblab-Marian91771\\app.js": {"path":"E:\\ЧНУ\\4 семестр\\Back End\\LR3\\expressjsdblab-Marian91771\\app.js","statementMap":{"0":{"start":{"line":1,"column":20},"end":{"line":1,"column":42}},"1":{"start":{"line":2,"column":16},"end":{"line":2,"column":34}},"2":{"start":{"line":3,"column":18},"end":{"line":3,"column":47}},"3":{"start":{"line":4,"column":21},"end":{"line":4,"column":45}},"4":{"start":{"line":5,"column":13},"end":{"line":5,"column":28}},"5":{"start":{"line":6,"column":21},"end":{"line":6,"column":45}},"6":{"start":{"line":7,"column":15},"end":{"line":7,"column":32}},"7":{"start":{"line":9,"column":20},"end":{"line":9,"column":45}},"8":{"start":{"line":10,"column":20},"end":{"line":10,"column":45}},"9":{"start":{"line":11,"column":22},"end":{"line":11,"column":49}},"10":{"start":{"line":13,"column":26},"end":{"line":13,"column":67}},"11":{"start":{"line":14,"column":22},"end":{"line":14,"column":59}},"12":{"start":{"line":16,"column":12},"end":{"line":16,"column":21}},"13":{"start":{"line":19,"column":0},"end":{"line":19,"column":48}},"14":{"start":{"line":20,"column":0},"end":{"line":20,"column":30}},"15":{"start":{"line":22,"column":0},"end":{"line":22,"column":23}},"16":{"start":{"line":23,"column":0},"end":{"line":23,"column":24}},"17":{"start":{"line":24,"column":0},"end":{"line":24,"column":49}},"18":{"start":{"line":25,"column":0},"end":{"line":25,"column":24}},"19":{"start":{"line":26,"column":0},"end":{"line":26,"column":56}},"20":{"start":{"line":28,"column":0},"end":{"line":28,"column":27}},"21":{"start":{"line":29,"column":0},"end":{"line":29,"column":23}},"22":{"start":{"line":31,"column":23},"end":{"line":43,"column":1}},"23":{"start":{"line":45,"column":20},"end":{"line":45,"column":48}},"24":{"start":{"line":47,"column":0},"end":{"line":50,"column":3}},"25":{"start":{"line":48,"column":4},"end":{"line":48,"column":54}},"26":{"start":{"line":49,"column":4},"end":{"line":49,"column":26}},"27":{"start":{"line":52,"column":0},"end":{"line":52,"column":68}},"28":{"start":{"line":54,"column":0},"end":{"line":54,"column":26}},"29":{"start":{"line":55,"column":0},"end":{"line":55,"column":31}},"30":{"start":{"line":56,"column":0},"end":{"line":56,"column":35}},"31":{"start":{"line":59,"column":0},"end":{"line":61,"column":3}},"32":{"start":{"line":60,"column":4},"end":{"line":60,"column":27}},"33":{"start":{"line":65,"column":0},"end":{"line":73,"column":3}},"34":{"start":{"line":67,"column":4},"end":{"line":67,"column":37}},"35":{"start":{"line":68,"column":4},"end":{"line":68,"column":71}},"36":{"start":{"line":71,"column":4},"end":{"line":71,"column":34}},"37":{"start":{"line":72,"column":4},"end":{"line":72,"column":24}},"38":{"start":{"line":75,"column":0},"end":{"line":75,"column":21}}},"fnMap":{"0":{"name":"(anonymous_0)","decl":{"start":{"line":47,"column":26},"end":{"line":47,"column":27}},"loc":{"start":{"line":47,"column":40},"end":{"line":50,"column":1}},"line":47},"1":{"name":"(anonymous_1)","decl":{"start":{"line":59,"column":8},"end":{"line":59,"column":9}},"loc":{"start":{"line":59,"column":28},"end":{"line":61,"column":1}},"line":59},"2":{"name":"(anonymous_2)","decl":{"start":{"line":65,"column":8},"end":{"line":65,"column":9}},"loc":{"start":{"line":65,"column":33},"end":{"line":73,"column":1}},"line":65}},"branchMap":{"0":{"loc":{"start":{"line":68,"column":23},"end":{"line":68,"column":70}},"type":"cond-expr","locations":[{"start":{"line":68,"column":62},"end":{"line":68,"column":65}},{"start":{"line":68,"column":68},"end":{"line":68,"column":70}}],"line":68},"1":{"loc":{"start":{"line":71,"column":15},"end":{"line":71,"column":32}},"type":"binary-expr","locations":[{"start":{"line":71,"column":15},"end":{"line":71,"column":25}},{"start":{"line":71,"column":29},"end":{"line":71,"column":32}}],"line":71}},"s":{"0":1,"1":1,"2":1,"3":1,"4":1,"5":1,"6":1,"7":1,"8":1,"9":1,"10":1,"11":1,"12":1,"13":1,"14":1,"15":1,"16":1,"17":1,"18":1,"19":1,"20":1,"21":1,"22":1,"23":1,"24":1,"25":0,"26":0,"27":1,"28":1,"29":1,"30":1,"31":1,"32":0,"33":1,"34":0,"35":0,"36":0,"37":0,"38":1},"f":{"0":0,"1":0,"2":0},"b":{"0":[0,0],"1":[0,0]},"_coverageSchema":"1a1c01bbd47fc00a2c39e90264f33305004495a9","hash":"9452a230def7c28cf425be1ca19ed7061438d7cd"}
,"E:\\ЧНУ\\4 семестр\\Back End\\LR3\\expressjsdblab-Marian91771\\config\\db.config.js": {"path":"E:\\ЧНУ\\4 семестр\\Back End\\LR3\\expressjsdblab-Marian91771\\config\\db.config.js","statementMap":{"0":{"start":{"line":1,"column":15},"end":{"line":11,"column":1}},"1":{"start":{"line":12,"column":0},"end":{"line":12,"column":24}}},"fnMap":{},"branchMap":{},"s":{"0":1,"1":1},"f":{},"b":{},"_coverageSchema":"1a1c01bbd47fc00a2c39e90264f33305004495a9","hash":"8a96365c4a3eaaf3f165fd0acc9dd55f29e36010"}
,"E:\\ЧНУ\\4 семестр\\Back End\\LR3\\expressjsdblab-Marian91771\\controllers\\doctors.controller.js": {"path":"E:\\ЧНУ\\4 семестр\\Back End\\LR3\\expressjsdblab-Marian91771\\controllers\\doctors.controller.js","statementMap":{"0":{"start":{"line":1,"column":15},"end":{"line":1,"column":48}},"1":{"start":{"line":3,"column":22},"end":{"line":7,"column":1}},"2":{"start":{"line":4,"column":20},"end":{"line":4,"column":41}},"3":{"start":{"line":5,"column":4},"end":{"line":5,"column":25}},"4":{"start":{"line":6,"column":4},"end":{"line":6,"column":34}},"5":{"start":{"line":9,"column":19},"end":{"line":18,"column":1}},"6":{"start":{"line":10,"column":56},"end":{"line":10,"column":65}},"7":{"start":{"line":11,"column":4},"end":{"line":17,"column":5}},"8":{"start":{"line":12,"column":23},"end":{"line":12,"column":87}},"9":{"start":{"line":13,"column":8},"end":{"line":13,"column":66}},"10":{"start":{"line":15,"column":8},"end":{"line":15,"column":56}},"11":{"start":{"line":16,"column":8},"end":{"line":16,"column":58}},"12":{"start":{"line":20,"column":21},"end":{"line":30,"column":1}},"13":{"start":{"line":21,"column":19},"end":{"line":21,"column":29}},"14":{"start":{"line":22,"column":4},"end":{"line":22,"column":48}},"15":{"start":{"line":23,"column":4},"end":{"line":29,"column":5}},"16":{"start":{"line":24,"column":23},"end":{"line":24,"column":52}},"17":{"start":{"line":25,"column":8},"end":{"line":25,"column":81}},"18":{"start":{"line":27,"column":8},"end":{"line":27,"column":55}},"19":{"start":{"line":28,"column":8},"end":{"line":28,"column":58}},"20":{"start":{"line":32,"column":0},"end":{"line":36,"column":2}}},"fnMap":{"0":{"name":"(anonymous_0)","decl":{"start":{"line":3,"column":22},"end":{"line":3,"column":23}},"loc":{"start":{"line":3,"column":42},"end":{"line":7,"column":1}},"line":3},"1":{"name":"(anonymous_1)","decl":{"start":{"line":9,"column":19},"end":{"line":9,"column":20}},"loc":{"start":{"line":9,"column":39},"end":{"line":18,"column":1}},"line":9},"2":{"name":"(anonymous_2)","decl":{"start":{"line":20,"column":21},"end":{"line":20,"column":22}},"loc":{"start":{"line":20,"column":41},"end":{"line":30,"column":1}},"line":20}},"branchMap":{},"s":{"0":1,"1":1,"2":1,"3":1,"4":1,"5":1,"6":0,"7":0,"8":0,"9":0,"10":0,"11":0,"12":1,"13":1,"14":1,"15":1,"16":1,"17":1,"18":0,"19":0,"20":1},"f":{"0":1,"1":0,"2":1},"b":{},"_coverageSchema":"1a1c01bbd47fc00a2c39e90264f33305004495a9","hash":"99108c693740ef21927bd012b79db79ba1f9ff0a"}
,"E:\\ЧНУ\\4 семестр\\Back End\\LR3\\expressjsdblab-Marian91771\\controllers\\users.controller.js": {"path":"E:\\ЧНУ\\4 семестр\\Back End\\LR3\\expressjsdblab-Marian91771\\controllers\\users.controller.js","statementMap":{"0":{"start":{"line":1,"column":19},"end":{"line":1,"column":56}},"1":{"start":{"line":23,"column":14},"end":{"line":42,"column":1}},"2":{"start":{"line":61,"column":17},"end":{"line":66,"column":1}},"3":{"start":{"line":63,"column":24},"end":{"line":63,"column":49}},"4":{"start":{"line":64,"column":4},"end":{"line":64,"column":29}},"5":{"start":{"line":65,"column":4},"end":{"line":65,"column":38}},"6":{"start":{"line":68,"column":16},"end":{"line":73,"column":1}},"7":{"start":{"line":69,"column":17},"end":{"line":69,"column":25}},"8":{"start":{"line":70,"column":4},"end":{"line":70,"column":31}},"9":{"start":{"line":71,"column":4},"end":{"line":71,"column":21}},"10":{"start":{"line":72,"column":4},"end":{"line":72,"column":31}},"11":{"start":{"line":75,"column":0},"end":{"line":78,"column":2}}},"fnMap":{"0":{"name":"(anonymous_0)","decl":{"start":{"line":61,"column":17},"end":{"line":61,"column":18}},"loc":{"start":{"line":61,"column":37},"end":{"line":66,"column":1}},"line":61},"1":{"name":"(anonymous_1)","decl":{"start":{"line":68,"column":16},"end":{"line":68,"column":17}},"loc":{"start":{"line":68,"column":36},"end":{"line":73,"column":1}},"line":68}},"branchMap":{},"s":{"0":1,"1":1,"2":1,"3":0,"4":0,"5":0,"6":1,"7":0,"8":0,"9":0,"10":0,"11":1},"f":{"0":0,"1":0},"b":{},"_coverageSchema":"1a1c01bbd47fc00a2c39e90264f33305004495a9","hash":"3f679c0918f0ad3e9cce104f1c9c0be86cee8979"}
,"E:\\ЧНУ\\4 семестр\\Back End\\LR3\\expressjsdblab-Marian91771\\middleware\\performanceLogger.js": {"path":"E:\\ЧНУ\\4 семестр\\Back End\\LR3\\expressjsdblab-Marian91771\\middleware\\performanceLogger.js","statementMap":{"0":{"start":{"line":1,"column":26},"end":{"line":11,"column":1}},"1":{"start":{"line":2,"column":18},"end":{"line":2,"column":34}},"2":{"start":{"line":4,"column":4},"end":{"line":8,"column":7}},"3":{"start":{"line":5,"column":21},"end":{"line":5,"column":42}},"4":{"start":{"line":6,"column":25},"end":{"line":6,"column":55}},"5":{"start":{"line":7,"column":8},"end":{"line":7,"column":84}},"6":{"start":{"line":10,"column":4},"end":{"line":10,"column":11}},"7":{"start":{"line":13,"column":0},"end":{"line":13,"column":35}}},"fnMap":{"0":{"name":"(anonymous_0)","decl":{"start":{"line":1,"column":26},"end":{"line":1,"column":27}},"loc":{"start":{"line":1,"column":46},"end":{"line":11,"column":1}},"line":1},"1":{"name":"(anonymous_1)","decl":{"start":{"line":4,"column":21},"end":{"line":4,"column":22}},"loc":{"start":{"line":4,"column":27},"end":{"line":8,"column":5}},"line":4}},"branchMap":{},"s":{"0":1,"1":2,"2":2,"3":2,"4":2,"5":2,"6":2,"7":1},"f":{"0":2,"1":2},"b":{},"_coverageSchema":"1a1c01bbd47fc00a2c39e90264f33305004495a9","hash":"eff9ec3467cc8f86c4038c7c860a061ca2839999"}
,"E:\\ЧНУ\\4 семестр\\Back End\\LR3\\expressjsdblab-Marian91771\\middleware\\requestLogger.js": {"path":"E:\\ЧНУ\\4 семестр\\Back End\\LR3\\expressjsdblab-Marian91771\\middleware\\requestLogger.js","statementMap":{"0":{"start":{"line":1,"column":22},"end":{"line":15,"column":1}},"1":{"start":{"line":2,"column":24},"end":{"line":2,"column":34}},"2":{"start":{"line":3,"column":24},"end":{"line":3,"column":33}},"3":{"start":{"line":5,"column":24},"end":{"line":10,"column":5}},"4":{"start":{"line":12,"column":4},"end":{"line":12,"column":72}},"5":{"start":{"line":14,"column":4},"end":{"line":14,"column":11}},"6":{"start":{"line":17,"column":0},"end":{"line":17,"column":31}}},"fnMap":{"0":{"name":"(anonymous_0)","decl":{"start":{"line":1,"column":22},"end":{"line":1,"column":23}},"loc":{"start":{"line":1,"column":42},"end":{"line":15,"column":1}},"line":1}},"branchMap":{},"s":{"0":1,"1":2,"2":2,"3":2,"4":2,"5":2,"6":1},"f":{"0":2},"b":{},"_coverageSchema":"1a1c01bbd47fc00a2c39e90264f33305004495a9","hash":"96e4a093cc7437ba92fc37a40add432b401f7c3d"}
,"E:\\ЧНУ\\4 семестр\\Back End\\LR3\\expressjsdblab-Marian91771\\models\\db.js": {"path":"E:\\ЧНУ\\4 семестр\\Back End\\LR3\\expressjsdblab-Marian91771\\models\\db.js","statementMap":{"0":{"start":{"line":1,"column":14},"end":{"line":1,"column":39}},"1":{"start":{"line":2,"column":15},"end":{"line":2,"column":45}},"2":{"start":{"line":5,"column":23},"end":{"line":5,"column":62}},"3":{"start":{"line":6,"column":22},"end":{"line":6,"column":59}},"4":{"start":{"line":8,"column":4},"end":{"line":8,"column":19}},"5":{"start":{"line":11,"column":0},"end":{"line":13,"column":2}}},"fnMap":{"0":{"name":"query","decl":{"start":{"line":4,"column":15},"end":{"line":4,"column":20}},"loc":{"start":{"line":4,"column":34},"end":{"line":9,"column":1}},"line":4}},"branchMap":{},"s":{"0":1,"1":1,"2":2,"3":2,"4":2,"5":1},"f":{"0":2},"b":{},"_coverageSchema":"1a1c01bbd47fc00a2c39e90264f33305004495a9","hash":"c2786f9cfc378e5c3f0cabc9ae06d0be184b551e"}
,"E:\\ЧНУ\\4 семестр\\Back End\\LR3\\expressjsdblab-Marian91771\\models\\department.model.js": {"path":"E:\\ЧНУ\\4 семестр\\Back End\\LR3\\expressjsdblab-Marian91771\\models\\department.model.js","statementMap":{"0":{"start":{"line":1,"column":11},"end":{"line":1,"column":26}},"1":{"start":{"line":5,"column":19},"end":{"line":9,"column":1}},"2":{"start":{"line":6,"column":4},"end":{"line":6,"column":28}},"3":{"start":{"line":7,"column":4},"end":{"line":7,"column":40}},"4":{"start":{"line":8,"column":4},"end":{"line":8,"column":54}},"5":{"start":{"line":11,"column":0},"end":{"line":15,"column":2}},"6":{"start":{"line":12,"column":18},"end":{"line":12,"column":44}},"7":{"start":{"line":13,"column":17},"end":{"line":13,"column":38}},"8":{"start":{"line":14,"column":4},"end":{"line":14,"column":16}},"9":{"start":{"line":17,"column":0},"end":{"line":17,"column":28}}},"fnMap":{"0":{"name":"(anonymous_0)","decl":{"start":{"line":5,"column":19},"end":{"line":5,"column":20}},"loc":{"start":{"line":5,"column":41},"end":{"line":9,"column":1}},"line":5},"1":{"name":"(anonymous_1)","decl":{"start":{"line":11,"column":20},"end":{"line":11,"column":21}},"loc":{"start":{"line":11,"column":32},"end":{"line":15,"column":1}},"line":11}},"branchMap":{},"s":{"0":1,"1":1,"2":0,"3":0,"4":0,"5":1,"6":0,"7":0,"8":0,"9":1},"f":{"0":0,"1":0},"b":{},"_coverageSchema":"1a1c01bbd47fc00a2c39e90264f33305004495a9","hash":"0f0dba9a235f104a96b562e4b42fd01f8e5821e1"}
,"E:\\ЧНУ\\4 семестр\\Back End\\LR3\\expressjsdblab-Marian91771\\models\\doctor.model.js": {"path":"E:\\ЧНУ\\4 семестр\\Back End\\LR3\\expressjsdblab-Marian91771\\models\\doctor.model.js","statementMap":{"0":{"start":{"line":1,"column":11},"end":{"line":1,"column":26}},"1":{"start":{"line":3,"column":15},"end":{"line":5,"column":1}},"2":{"start":{"line":4,"column":4},"end":{"line":4,"column":30}},"3":{"start":{"line":7,"column":0},"end":{"line":11,"column":2}},"4":{"start":{"line":8,"column":18},"end":{"line":8,"column":41}},"5":{"start":{"line":9,"column":17},"end":{"line":9,"column":38}},"6":{"start":{"line":10,"column":4},"end":{"line":10,"column":16}},"7":{"start":{"line":13,"column":0},"end":{"line":17,"column":2}},"8":{"start":{"line":14,"column":18},"end":{"line":14,"column":60}},"9":{"start":{"line":15,"column":17},"end":{"line":15,"column":44}},"10":{"start":{"line":16,"column":4},"end":{"line":16,"column":52}},"11":{"start":{"line":19,"column":0},"end":{"line":28,"column":2}},"12":{"start":{"line":20,"column":18},"end":{"line":23,"column":5}},"13":{"start":{"line":24,"column":19},"end":{"line":24,"column":60}},"14":{"start":{"line":25,"column":19},"end":{"line":25,"column":48}},"15":{"start":{"line":27,"column":4},"end":{"line":27,"column":18}},"16":{"start":{"line":30,"column":0},"end":{"line":34,"column":2}},"17":{"start":{"line":31,"column":18},"end":{"line":31,"column":58}},"18":{"start":{"line":32,"column":4},"end":{"line":32,"column":32}},"19":{"start":{"line":36,"column":0},"end":{"line":36,"column":24}}},"fnMap":{"0":{"name":"(anonymous_0)","decl":{"start":{"line":3,"column":15},"end":{"line":3,"column":16}},"loc":{"start":{"line":3,"column":33},"end":{"line":5,"column":1}},"line":3},"1":{"name":"(anonymous_1)","decl":{"start":{"line":7,"column":16},"end":{"line":7,"column":17}},"loc":{"start":{"line":7,"column":28},"end":{"line":11,"column":1}},"line":7},"2":{"name":"(anonymous_2)","decl":{"start":{"line":13,"column":17},"end":{"line":13,"column":18}},"loc":{"start":{"line":13,"column":29},"end":{"line":17,"column":1}},"line":13},"3":{"name":"(anonymous_3)","decl":{"start":{"line":19,"column":20},"end":{"line":19,"column":21}},"loc":{"start":{"line":19,"column":71},"end":{"line":28,"column":1}},"line":19},"4":{"name":"(anonymous_4)","decl":{"start":{"line":30,"column":22},"end":{"line":30,"column":23}},"loc":{"start":{"line":30,"column":34},"end":{"line":34,"column":1}},"line":30}},"branchMap":{"0":{"loc":{"start":{"line":16,"column":11},"end":{"line":16,"column":51}},"type":"cond-expr","locations":[{"start":{"line":16,"column":37},"end":{"line":16,"column":44}},{"start":{"line":16,"column":47},"end":{"line":16,"column":51}}],"line":16},"1":{"loc":{"start":{"line":16,"column":11},"end":{"line":16,"column":34}},"type":"binary-expr","locations":[{"start":{"line":16,"column":11},"end":{"line":16,"column":15}},{"start":{"line":16,"column":19},"end":{"line":16,"column":34}}],"line":16}},"s":{"0":1,"1":1,"2":0,"3":1,"4":1,"5":1,"6":1,"7":1,"8":0,"9":0,"10":0,"11":1,"12":0,"13":0,"14":0,"15":0,"16":1,"17":1,"18":1,"19":1},"f":{"0":0,"1":1,"2":0,"3":0,"4":1},"b":{"0":[0,0],"1":[0,0]},"_coverageSchema":"1a1c01bbd47fc00a2c39e90264f33305004495a9","hash":"c533c28c64aee60c2f6e3832b21bf50afdcff17d"}
,"E:\\ЧНУ\\4 семестр\\Back End\\LR3\\expressjsdblab-Marian91771\\routes\\doctors.js": {"path":"E:\\ЧНУ\\4 семестр\\Back End\\LR3\\expressjsdblab-Marian91771\\routes\\doctors.js","statementMap":{"0":{"start":{"line":1,"column":16},"end":{"line":1,"column":34}},"1":{"start":{"line":2,"column":52},"end":{"line":2,"column":96}},"2":{"start":{"line":4,"column":15},"end":{"line":4,"column":31}},"3":{"start":{"line":6,"column":0},"end":{"line":6,"column":31}},"4":{"start":{"line":7,"column":0},"end":{"line":7,"column":32}},"5":{"start":{"line":8,"column":0},"end":{"line":8,"column":43}},"6":{"start":{"line":10,"column":0},"end":{"line":10,"column":24}}},"fnMap":{},"branchMap":{},"s":{"0":1,"1":1,"2":1,"3":1,"4":1,"5":1,"6":1},"f":{},"b":{},"_coverageSchema":"1a1c01bbd47fc00a2c39e90264f33305004495a9","hash":"c836e3248d2ce0cf36469bc8f0e8677a499f2f5b"}
,"E:\\ЧНУ\\4 семестр\\Back End\\LR3\\expressjsdblab-Marian91771\\routes\\index.js": {"path":"E:\\ЧНУ\\4 семестр\\Back End\\LR3\\expressjsdblab-Marian91771\\routes\\index.js","statementMap":{"0":{"start":{"line":1,"column":16},"end":{"line":1,"column":34}},"1":{"start":{"line":3,"column":15},"end":{"line":3,"column":31}},"2":{"start":{"line":6,"column":0},"end":{"line":8,"column":3}},"3":{"start":{"line":7,"column":4},"end":{"line":7,"column":46}},"4":{"start":{"line":10,"column":0},"end":{"line":10,"column":24}}},"fnMap":{"0":{"name":"(anonymous_0)","decl":{"start":{"line":6,"column":16},"end":{"line":6,"column":17}},"loc":{"start":{"line":6,"column":30},"end":{"line":8,"column":1}},"line":6}},"branchMap":{},"s":{"0":1,"1":1,"2":1,"3":0,"4":1},"f":{"0":0},"b":{},"_coverageSchema":"1a1c01bbd47fc00a2c39e90264f33305004495a9","hash":"9e49213092338966cf370696d7241c0ef55308e0"}
,"E:\\ЧНУ\\4 семестр\\Back End\\LR3\\expressjsdblab-Marian91771\\routes\\users.js": {"path":"E:\\ЧНУ\\4 семестр\\Back End\\LR3\\expressjsdblab-Marian91771\\routes\\users.js","statementMap":{"0":{"start":{"line":1,"column":16},"end":{"line":1,"column":34}},"1":{"start":{"line":2,"column":30},"end":{"line":2,"column":72}},"2":{"start":{"line":4,"column":15},"end":{"line":4,"column":31}},"3":{"start":{"line":7,"column":0},"end":{"line":7,"column":26}},"4":{"start":{"line":9,"column":0},"end":{"line":9,"column":29}},"5":{"start":{"line":11,"column":0},"end":{"line":11,"column":24}}},"fnMap":{},"branchMap":{},"s":{"0":1,"1":1,"2":1,"3":1,"4":1,"5":1},"f":{},"b":{},"_coverageSchema":"1a1c01bbd47fc00a2c39e90264f33305004495a9","hash":"4b724955aa51abdd43d8e2de9fec97dd0b464e33"}
}
