TN:
SF:app.js
FN:47,(anonymous_0)
FN:59,(anonymous_1)
FN:65,(anonymous_2)
FNF:3
FNH:0
FNDA:0,(anonymous_0)
FNDA:0,(anonymous_1)
FNDA:0,(anonymous_2)
DA:1,1
DA:2,1
DA:3,1
DA:4,1
DA:5,1
DA:6,1
DA:7,1
DA:9,1
DA:10,1
DA:11,1
DA:13,1
DA:14,1
DA:16,1
DA:19,1
DA:20,1
DA:22,1
DA:23,1
DA:24,1
DA:25,1
DA:26,1
DA:28,1
DA:29,1
DA:31,1
DA:45,1
DA:47,1
DA:48,0
DA:49,0
DA:52,1
DA:54,1
DA:55,1
DA:56,1
DA:59,1
DA:60,0
DA:65,1
DA:67,0
DA:68,0
DA:71,0
DA:72,0
DA:75,1
LF:39
LH:32
BRDA:68,0,0,0
BRDA:68,0,1,0
BRDA:71,1,0,0
BRDA:71,1,1,0
BRF:4
BRH:0
end_of_record
TN:
SF:config\db.config.js
FNF:0
FNH:0
DA:1,1
DA:12,1
LF:2
LH:2
BRF:0
BRH:0
end_of_record
TN:
SF:controllers\doctors.controller.js
FN:3,(anonymous_0)
FN:9,(anonymous_1)
FN:20,(anonymous_2)
FNF:3
FNH:2
FNDA:1,(anonymous_0)
FNDA:0,(anonymous_1)
FNDA:1,(anonymous_2)
DA:1,1
DA:3,1
DA:4,1
DA:5,1
DA:6,1
DA:9,1
DA:10,0
DA:11,0
DA:12,0
DA:13,0
DA:15,0
DA:16,0
DA:20,1
DA:21,1
DA:22,1
DA:23,1
DA:24,1
DA:25,1
DA:27,0
DA:28,0
DA:32,1
LF:21
LH:13
BRF:0
BRH:0
end_of_record
TN:
SF:controllers\users.controller.js
FN:61,(anonymous_0)
FN:68,(anonymous_1)
FNF:2
FNH:0
FNDA:0,(anonymous_0)
FNDA:0,(anonymous_1)
DA:1,1
DA:23,1
DA:61,1
DA:63,0
DA:64,0
DA:65,0
DA:68,1
DA:69,0
DA:70,0
DA:71,0
DA:72,0
DA:75,1
LF:12
LH:5
BRF:0
BRH:0
end_of_record
TN:
SF:middleware\performanceLogger.js
FN:1,(anonymous_0)
FN:4,(anonymous_1)
FNF:2
FNH:2
FNDA:2,(anonymous_0)
FNDA:2,(anonymous_1)
DA:1,1
DA:2,2
DA:4,2
DA:5,2
DA:6,2
DA:7,2
DA:10,2
DA:13,1
LF:8
LH:8
BRF:0
BRH:0
end_of_record
TN:
SF:middleware\requestLogger.js
FN:1,(anonymous_0)
FNF:1
FNH:1
FNDA:2,(anonymous_0)
DA:1,1
DA:2,2
DA:3,2
DA:5,2
DA:12,2
DA:14,2
DA:17,1
LF:7
LH:7
BRF:0
BRH:0
end_of_record
TN:
SF:models\db.js
FN:4,query
FNF:1
FNH:1
FNDA:2,query
DA:1,1
DA:2,1
DA:5,2
DA:6,2
DA:8,2
DA:11,1
LF:6
LH:6
BRF:0
BRH:0
end_of_record
TN:
SF:models\department.model.js
FN:5,(anonymous_0)
FN:11,(anonymous_1)
FNF:2
FNH:0
FNDA:0,(anonymous_0)
FNDA:0,(anonymous_1)
DA:1,1
DA:5,1
DA:6,0
DA:7,0
DA:8,0
DA:11,1
DA:12,0
DA:13,0
DA:14,0
DA:17,1
LF:10
LH:4
BRF:0
BRH:0
end_of_record
TN:
SF:models\doctor.model.js
FN:3,(anonymous_0)
FN:7,(anonymous_1)
FN:13,(anonymous_2)
FN:19,(anonymous_3)
FN:30,(anonymous_4)
FNF:5
FNH:2
FNDA:0,(anonymous_0)
FNDA:1,(anonymous_1)
FNDA:0,(anonymous_2)
FNDA:0,(anonymous_3)
FNDA:1,(anonymous_4)
DA:1,1
DA:3,1
DA:4,0
DA:7,1
DA:8,1
DA:9,1
DA:10,1
DA:13,1
DA:14,0
DA:15,0
DA:16,0
DA:19,1
DA:20,0
DA:24,0
DA:25,0
DA:27,0
DA:30,1
DA:31,1
DA:32,1
DA:36,1
LF:20
LH:12
BRDA:16,0,0,0
BRDA:16,0,1,0
BRDA:16,1,0,0
BRDA:16,1,1,0
BRF:4
BRH:0
end_of_record
TN:
SF:routes\doctors.js
FNF:0
FNH:0
DA:1,1
DA:2,1
DA:4,1
DA:6,1
DA:7,1
DA:8,1
DA:10,1
LF:7
LH:7
BRF:0
BRH:0
end_of_record
TN:
SF:routes\index.js
FN:6,(anonymous_0)
FNF:1
FNH:0
FNDA:0,(anonymous_0)
DA:1,1
DA:3,1
DA:6,1
DA:7,0
DA:10,1
LF:5
LH:4
BRF:0
BRH:0
end_of_record
TN:
SF:routes\users.js
FNF:0
FNH:0
DA:1,1
DA:2,1
DA:4,1
DA:7,1
DA:9,1
DA:11,1
LF:6
LH:6
BRF:0
BRH:0
end_of_record
